d:\ceshi_pingtai\ceshi1218\ceshi1218\x64\debug\qt\uic\ui_ceshi1218.h
d:\ceshi_pingtai\ceshi1218\ceshi1218\x64\debug\qt\rcc\qrc_ceshi1218.cpp
d:\ceshi_pingtai\ceshi1218\ceshi1218\x64\debug\qt\moc\moc_ceshi1218.cpp
d:\ceshi_pingtai\ceshi1218\ceshi1218\x64\debug\qt\moc\moc_natnet.cpp
d:\ceshi_pingtai\ceshi1218\ceshi1218\x64\debug\qt\moc\moc_savedatathread.cpp
d:\0postgraduate\code\changping_code\ceshi1218\ceshi1218\x64\debug\qt\uic\ui_ceshi1218.h
d:\0postgraduate\code\changping_code\ceshi1218\ceshi1218\x64\debug\qt\rcc\qrc_ceshi1218.cpp
d:\0postgraduate\code\changping_code\ceshi1218\ceshi1218\x64\debug\qt\moc\moc_ceshi1218.cpp
d:\0postgraduate\code\changping_code\ceshi1218\ceshi1218\x64\debug\qt\moc\moc_natnet.cpp
d:\0postgraduate\code\changping_code\ceshi1218\ceshi1218\x64\debug\qt\moc\moc_savedatathread.cpp
d:\ceshi_pingtai\ceshi1218\ceshi1218\x64\debug\main.obj
d:\ceshi_pingtai\ceshi1218\ceshi1218\x64\debug\ceshi1218.obj
d:\ceshi_pingtai\ceshi1218\ceshi1218\x64\debug\natnet.obj
d:\ceshi_pingtai\ceshi1218\ceshi1218\x64\debug\vc142.pdb
d:\ceshi_pingtai\ceshi1218\ceshi1218\x64\debug\vc142.idb
d:\ceshi_pingtai\ceshi1218\ceshi1218\x64\debug\qrc_ceshi1218.obj
d:\ceshi_pingtai\ceshi1218\ceshi1218\x64\debug\moc_ceshi1218.obj
d:\ceshi_pingtai\ceshi1218\ceshi1218\x64\debug\moc_savedatathread.obj
d:\ceshi_pingtai\ceshi1218\ceshi1218\x64\debug\moc_natnet.obj
d:\ceshi_pingtai\ceshi1218\ceshi1218\x64\debug\savedatathread.obj
d:\ceshi_pingtai\ceshi1218\x64\debug\ceshi1218.exe
d:\ceshi_pingtai\ceshi1218\ceshi1218\x64\debug\ceshi1218.ilk
d:\ceshi_pingtai\ceshi1218\x64\debug\ceshi1218.pdb
d:\0postgraduate\code\changping_code\ceshi1218\ceshi1218\x64\debug\ceshi1218.obj
d:\0postgraduate\code\changping_code\ceshi1218\ceshi1218\x64\debug\main.obj
d:\0postgraduate\code\changping_code\ceshi1218\ceshi1218\x64\debug\moc_ceshi1218.obj
d:\0postgraduate\code\changping_code\ceshi1218\ceshi1218\x64\debug\moc_natnet.obj
d:\0postgraduate\code\changping_code\ceshi1218\ceshi1218\x64\debug\moc_savedatathread.obj
d:\0postgraduate\code\changping_code\ceshi1218\ceshi1218\x64\debug\natnet.obj
d:\0postgraduate\code\changping_code\ceshi1218\ceshi1218\x64\debug\qrc_ceshi1218.obj
d:\0postgraduate\code\changping_code\ceshi1218\ceshi1218\x64\debug\savedatathread.obj
d:\0postgraduate\code\changping_code\ceshi1218\ceshi1218\x64\debug\ceshi1218.ilk
d:\0postgraduate\code\changping_code\ceshi1218\ceshi1218\x64\debug\vc142.idb
d:\0postgraduate\code\changping_code\ceshi1218\ceshi1218\x64\debug\vc142.pdb
d:\0postgraduate\code\changping_code\ceshi1218\x64\debug\ceshi1218.pdb
d:\0postgraduate\code\changping_code\ceshi1218\x64\debug\ceshi1218.exe
d:\0postgraduate\code\changping_code\ceshi1218\ceshi1218\x64\debug\ceshi1218.tlog\ceshi1218.write.1u.tlog
d:\0postgraduate\code\changping_code\ceshi1218\ceshi1218\x64\debug\ceshi1218.tlog\cl.command.1.tlog
d:\0postgraduate\code\changping_code\ceshi1218\ceshi1218\x64\debug\ceshi1218.tlog\cl.read.1.tlog
d:\0postgraduate\code\changping_code\ceshi1218\ceshi1218\x64\debug\ceshi1218.tlog\cl.write.1.tlog
d:\0postgraduate\code\changping_code\ceshi1218\ceshi1218\x64\debug\ceshi1218.tlog\link.command.1.tlog
d:\0postgraduate\code\changping_code\ceshi1218\ceshi1218\x64\debug\ceshi1218.tlog\link.read.1.tlog
d:\0postgraduate\code\changping_code\ceshi1218\ceshi1218\x64\debug\ceshi1218.tlog\link.write.1.tlog
d:\0postgraduate\code\changping_code\ceshi1218\ceshi1218\x64\debug\ceshi1218.tlog\moc.read.1u.tlog
d:\0postgraduate\code\changping_code\ceshi1218\ceshi1218\x64\debug\ceshi1218.tlog\moc.write.1u.tlog
d:\0postgraduate\code\changping_code\ceshi1218\ceshi1218\x64\debug\ceshi1218.tlog\rcc.read.1u.tlog
d:\0postgraduate\code\changping_code\ceshi1218\ceshi1218\x64\debug\ceshi1218.tlog\rcc.write.1u.tlog
d:\0postgraduate\code\changping_code\ceshi1218\ceshi1218\x64\debug\ceshi1218.tlog\uic.read.1u.tlog
d:\0postgraduate\code\changping_code\ceshi1218\ceshi1218\x64\debug\ceshi1218.tlog\uic.write.1u.tlog
